<?xml version="1.0" encoding="UTF-8"?>
<testsuite xmlns:xsi="http://www.w3.org/2001/XMLSchema-instance" xsi:noNamespaceSchemaLocation="https://maven.apache.org/surefire/maven-surefire-plugin/xsd/surefire-test-report.xsd" name="TestSuite" time="0.703" tests="0" errors="0" skipped="0" failures="0">
  <properties>
    <property name="sun.desktop" value="windows"/>
    <property name="awt.toolkit" value="sun.awt.windows.WToolkit"/>
    <property name="file.encoding.pkg" value="sun.io"/>
    <property name="java.specification.version" value="1.8"/>
    <property name="log4j.configurationFile" value="src/main/resources/log4j2.xml"/>
    <property name="sun.cpu.isalist" value="amd64"/>
    <property name="sun.jnu.encoding" value="GBK"/>
    <property name="java.class.path" value="E:\Projects\IdeaProjects\leno\target\test-classes;E:\Projects\IdeaProjects\leno\target\classes;E:\Projects\Java\Repository\org\jetbrains\kotlin\kotlin-stdlib-jdk8\1.2.51\kotlin-stdlib-jdk8-1.2.51.jar;E:\Projects\Java\Repository\org\jetbrains\kotlin\kotlin-stdlib\1.2.51\kotlin-stdlib-1.2.51.jar;E:\Projects\Java\Repository\org\jetbrains\kotlin\kotlin-stdlib-common\1.2.51\kotlin-stdlib-common-1.2.51.jar;E:\Projects\Java\Repository\org\jetbrains\annotations\13.0\annotations-13.0.jar;E:\Projects\Java\Repository\org\jetbrains\kotlin\kotlin-stdlib-jdk7\1.2.51\kotlin-stdlib-jdk7-1.2.51.jar;E:\Projects\Java\Repository\org\jetbrains\kotlin\kotlin-test-testng\1.2.51\kotlin-test-testng-1.2.51.jar;E:\Projects\Java\Repository\org\jetbrains\kotlin\kotlin-test-annotations-common\1.2.51\kotlin-test-annotations-common-1.2.51.jar;E:\Projects\Java\Repository\org\jetbrains\kotlin\kotlin-test\1.2.51\kotlin-test-1.2.51.jar;E:\Projects\Java\Repository\org\jetbrains\kotlin\kotlin-test-common\1.2.51\kotlin-test-common-1.2.51.jar;E:\Projects\Java\Repository\org\testng\testng\6.13.1\testng-6.13.1.jar;E:\Projects\Java\Repository\org\jetbrains\kotlin\kotlin-reflect\1.2.51\kotlin-reflect-1.2.51.jar;E:\Projects\Java\Repository\org\seleniumhq\selenium\selenium-java\3.10.0\selenium-java-3.10.0.jar;E:\Projects\Java\Repository\org\seleniumhq\selenium\selenium-api\3.10.0\selenium-api-3.10.0.jar;E:\Projects\Java\Repository\org\seleniumhq\selenium\selenium-chrome-driver\3.10.0\selenium-chrome-driver-3.10.0.jar;E:\Projects\Java\Repository\org\seleniumhq\selenium\selenium-edge-driver\3.10.0\selenium-edge-driver-3.10.0.jar;E:\Projects\Java\Repository\org\seleniumhq\selenium\selenium-firefox-driver\3.10.0\selenium-firefox-driver-3.10.0.jar;E:\Projects\Java\Repository\org\seleniumhq\selenium\selenium-ie-driver\3.10.0\selenium-ie-driver-3.10.0.jar;E:\Projects\Java\Repository\org\seleniumhq\selenium\selenium-opera-driver\3.10.0\selenium-opera-driver-3.10.0.jar;E:\Projects\Java\Repository\org\seleniumhq\selenium\selenium-remote-driver\3.10.0\selenium-remote-driver-3.10.0.jar;E:\Projects\Java\Repository\org\seleniumhq\selenium\selenium-safari-driver\3.10.0\selenium-safari-driver-3.10.0.jar;E:\Projects\Java\Repository\org\seleniumhq\selenium\selenium-support\3.10.0\selenium-support-3.10.0.jar;E:\Projects\Java\Repository\net\bytebuddy\byte-buddy\1.7.9\byte-buddy-1.7.9.jar;E:\Projects\Java\Repository\org\apache\commons\commons-exec\1.3\commons-exec-1.3.jar;E:\Projects\Java\Repository\commons-codec\commons-codec\1.10\commons-codec-1.10.jar;E:\Projects\Java\Repository\commons-logging\commons-logging\1.2\commons-logging-1.2.jar;E:\Projects\Java\Repository\com\google\code\gson\gson\2.8.2\gson-2.8.2.jar;E:\Projects\Java\Repository\org\apache\httpcomponents\httpclient\4.5.3\httpclient-4.5.3.jar;E:\Projects\Java\Repository\org\apache\httpcomponents\httpcore\4.4.6\httpcore-4.4.6.jar;E:\Projects\Java\Repository\com\squareup\okhttp3\okhttp\3.9.1\okhttp-3.9.1.jar;E:\Projects\Java\Repository\com\squareup\okio\okio\1.13.0\okio-1.13.0.jar;E:\Projects\Java\Repository\org\seleniumhq\selenium\selenium-server\3.11.0\selenium-server-3.11.0.jar;E:\Projects\Java\Repository\com\beust\jcommander\1.72\jcommander-1.72.jar;E:\Projects\Java\Repository\org\apache\commons\commons-lang3\3.7\commons-lang3-3.7.jar;E:\Projects\Java\Repository\org\apache\commons\commons-text\1.1\commons-text-1.1.jar;E:\Projects\Java\Repository\commons-io\commons-io\2.6\commons-io-2.6.jar;E:\Projects\Java\Repository\commons-net\commons-net\3.6\commons-net-3.6.jar;E:\Projects\Java\Repository\org\w3c\css\sac\1.3\sac-1.3.jar;E:\Projects\Java\Repository\net\sourceforge\cssparser\cssparser\0.9.24\cssparser-0.9.24.jar;E:\Projects\Java\Repository\net\sourceforge\htmlunit\htmlunit\2.29\htmlunit-2.29.jar;E:\Projects\Java\Repository\net\sourceforge\htmlunit\htmlunit-core-js\2.28\htmlunit-core-js-2.28.jar;E:\Projects\Java\Repository\net\sourceforge\htmlunit\neko-htmlunit\2.28\neko-htmlunit-2.28.jar;E:\Projects\Java\Repository\org\apache\httpcomponents\httpmime\4.5.3\httpmime-4.5.3.jar;E:\Projects\Java\Repository\net\jcip\jcip-annotations\1.0\jcip-annotations-1.0.jar;E:\Projects\Java\Repository\org\seleniumhq\selenium\jetty-repacked\9.4.7.v20171121\jetty-repacked-9.4.7.v20171121.jar;E:\Projects\Java\Repository\org\eclipse\jetty\jetty-client\9.4.7.v20170914\jetty-client-9.4.7.v20170914.jar;E:\Projects\Java\Repository\org\eclipse\jetty\jetty-http\9.4.8.v20171121\jetty-http-9.4.8.v20171121.jar;E:\Projects\Java\Repository\org\eclipse\jetty\jetty-io\9.4.8.v20171121\jetty-io-9.4.8.v20171121.jar;E:\Projects\Java\Repository\org\eclipse\jetty\jetty-util\9.4.8.v20171121\jetty-util-9.4.8.v20171121.jar;E:\Projects\Java\Repository\org\eclipse\jetty\jetty-xml\9.4.7.v20170914\jetty-xml-9.4.7.v20170914.jar;E:\Projects\Java\Repository\org\seleniumhq\selenium\htmlunit-driver\2.29.0\htmlunit-driver-2.29.0.jar;E:\Projects\Java\Repository\javax\servlet\javax.servlet-api\3.1.0\javax.servlet-api-3.1.0.jar;E:\Projects\Java\Repository\org\eclipse\jetty\websocket\websocket-api\9.4.7.v20170914\websocket-api-9.4.7.v20170914.jar;E:\Projects\Java\Repository\org\eclipse\jetty\websocket\websocket-client\9.4.7.v20170914\websocket-client-9.4.7.v20170914.jar;E:\Projects\Java\Repository\org\eclipse\jetty\websocket\websocket-common\9.4.7.v20170914\websocket-common-9.4.7.v20170914.jar;E:\Projects\Java\Repository\xalan\serializer\2.7.2\serializer-2.7.2.jar;E:\Projects\Java\Repository\xalan\xalan\2.7.2\xalan-2.7.2.jar;E:\Projects\Java\Repository\xerces\xercesImpl\2.11.0\xercesImpl-2.11.0.jar;E:\Projects\Java\Repository\xml-apis\xml-apis\1.4.01\xml-apis-1.4.01.jar;E:\Projects\Java\Repository\org\yaml\snakeyaml\1.19\snakeyaml-1.19.jar;E:\Projects\Java\Repository\io\rest-assured\rest-assured\3.1.0\rest-assured-3.1.0.jar;E:\Projects\Java\Repository\org\codehaus\groovy\groovy\2.4.12\groovy-2.4.12.jar;E:\Projects\Java\Repository\org\codehaus\groovy\groovy-xml\2.4.12\groovy-xml-2.4.12.jar;E:\Projects\Java\Repository\org\hamcrest\hamcrest-core\1.3\hamcrest-core-1.3.jar;E:\Projects\Java\Repository\org\hamcrest\hamcrest-library\1.3\hamcrest-library-1.3.jar;E:\Projects\Java\Repository\org\ccil\cowan\tagsoup\tagsoup\1.2.1\tagsoup-1.2.1.jar;E:\Projects\Java\Repository\io\rest-assured\json-path\3.1.0\json-path-3.1.0.jar;E:\Projects\Java\Repository\org\codehaus\groovy\groovy-json\2.4.12\groovy-json-2.4.12.jar;E:\Projects\Java\Repository\io\rest-assured\rest-assured-common\3.1.0\rest-assured-common-3.1.0.jar;E:\Projects\Java\Repository\io\rest-assured\xml-path\3.1.0\xml-path-3.1.0.jar;E:\Projects\Java\Repository\javax\xml\bind\jaxb-api\2.2.12\jaxb-api-2.2.12.jar;E:\Projects\Java\Repository\io\appium\java-client\5.0.4\java-client-5.0.4.jar;E:\Projects\Java\Repository\cglib\cglib\3.2.5\cglib-3.2.5.jar;E:\Projects\Java\Repository\org\ow2\asm\asm\5.2\asm-5.2.jar;E:\Projects\Java\Repository\org\apache\ant\ant\1.9.6\ant-1.9.6.jar;E:\Projects\Java\Repository\org\apache\ant\ant-launcher\1.9.6\ant-launcher-1.9.6.jar;E:\Projects\Java\Repository\commons-validator\commons-validator\1.6\commons-validator-1.6.jar;E:\Projects\Java\Repository\commons-beanutils\commons-beanutils\1.9.2\commons-beanutils-1.9.2.jar;E:\Projects\Java\Repository\commons-digester\commons-digester\1.8.1\commons-digester-1.8.1.jar;E:\Projects\Java\Repository\commons-collections\commons-collections\3.2.2\commons-collections-3.2.2.jar;E:\Projects\Java\Repository\org\aspectj\aspectjweaver\1.8.11\aspectjweaver-1.8.11.jar;E:\Projects\Java\Repository\org\openpnp\opencv\3.2.0-1\opencv-3.2.0-1.jar;E:\Projects\Java\Repository\io\cucumber\cucumber-java8\3.0.2\cucumber-java8-3.0.2.jar;E:\Projects\Java\Repository\io\cucumber\cucumber-java\3.0.2\cucumber-java-3.0.2.jar;E:\Projects\Java\Repository\net\jodah\typetools\0.5.0\typetools-0.5.0.jar;E:\Projects\Java\Repository\io\cucumber\cucumber-testng\3.0.2\cucumber-testng-3.0.2.jar;E:\Projects\Java\Repository\io\cucumber\cucumber-core\3.0.2\cucumber-core-3.0.2.jar;E:\Projects\Java\Repository\io\cucumber\cucumber-html\0.2.7\cucumber-html-0.2.7.jar;E:\Projects\Java\Repository\io\cucumber\gherkin\5.0.0\gherkin-5.0.0.jar;E:\Projects\Java\Repository\io\cucumber\tag-expressions\1.1.1\tag-expressions-1.1.1.jar;E:\Projects\Java\Repository\io\cucumber\cucumber-expressions\5.0.19\cucumber-expressions-5.0.19.jar;E:\Projects\Java\Repository\io\cucumber\datatable\1.0.3\datatable-1.0.3.jar;E:\Projects\Java\Repository\io\cucumber\datatable-dependencies\1.0.3\datatable-dependencies-1.0.3.jar;E:\Projects\Java\Repository\org\springframework\spring-core\5.0.7.RELEASE\spring-core-5.0.7.RELEASE.jar;E:\Projects\Java\Repository\org\springframework\spring-jcl\5.0.7.RELEASE\spring-jcl-5.0.7.RELEASE.jar;E:\Projects\Java\Repository\org\springframework\spring-beans\5.0.7.RELEASE\spring-beans-5.0.7.RELEASE.jar;E:\Projects\Java\Repository\org\springframework\spring-context\5.0.7.RELEASE\spring-context-5.0.7.RELEASE.jar;E:\Projects\Java\Repository\org\springframework\spring-aop\5.0.7.RELEASE\spring-aop-5.0.7.RELEASE.jar;E:\Projects\Java\Repository\org\springframework\spring-expression\5.0.7.RELEASE\spring-expression-5.0.7.RELEASE.jar;E:\Projects\Java\Repository\com\google\guava\guava\24.0-jre\guava-24.0-jre.jar;E:\Projects\Java\Repository\com\google\code\findbugs\jsr305\1.3.9\jsr305-1.3.9.jar;E:\Projects\Java\Repository\org\checkerframework\checker-compat-qual\2.0.0\checker-compat-qual-2.0.0.jar;E:\Projects\Java\Repository\com\google\errorprone\error_prone_annotations\2.1.3\error_prone_annotations-2.1.3.jar;E:\Projects\Java\Repository\com\google\j2objc\j2objc-annotations\1.1\j2objc-annotations-1.1.jar;E:\Projects\Java\Repository\org\codehaus\mojo\animal-sniffer-annotations\1.14\animal-sniffer-annotations-1.14.jar;E:\Projects\Java\Repository\org\apache\logging\log4j\log4j-api\2.10.0\log4j-api-2.10.0.jar;E:\Projects\Java\Repository\org\apache\logging\log4j\log4j-core\2.10.0\log4j-core-2.10.0.jar;E:\Projects\Java\Repository\com\fasterxml\jackson\core\jackson-databind\2.9.4\jackson-databind-2.9.4.jar;E:\Projects\Java\Repository\com\fasterxml\jackson\core\jackson-annotations\2.9.4\jackson-annotations-2.9.4.jar;E:\Projects\Java\Repository\com\fasterxml\jackson\core\jackson-core\2.9.4\jackson-core-2.9.4.jar;E:\Projects\Java\Repository\com\jayway\jsonpath\json-path\2.4.0\json-path-2.4.0.jar;E:\Projects\Java\Repository\net\minidev\json-smart\2.3\json-smart-2.3.jar;E:\Projects\Java\Repository\net\minidev\accessors-smart\1.2\accessors-smart-1.2.jar;E:\Projects\Java\Repository\org\slf4j\slf4j-api\1.7.25\slf4j-api-1.7.25.jar;E:\Projects\Java\Repository\org\apache\poi\poi\3.17\poi-3.17.jar;E:\Projects\Java\Repository\org\apache\commons\commons-collections4\4.1\commons-collections4-4.1.jar;E:\Projects\Java\Repository\dom4j\dom4j\1.6.1\dom4j-1.6.1.jar;E:\Projects\Java\Repository\org\mongodb\mongo-java-driver\3.7.1\mongo-java-driver-3.7.1.jar;E:\Projects\Java\Repository\org\apache\maven\surefire\surefire-testng-utils\2.21.0\surefire-testng-utils-2.21.0.jar;E:\Projects\Java\Repository\org\apache\maven\surefire\surefire-grouper\2.21.0\surefire-grouper-2.21.0.jar;"/>
    <property name="java.vm.vendor" value="Oracle Corporation"/>
    <property name="sun.arch.data.model" value="64"/>
    <property name="user.variant" value=""/>
    <property name="java.vendor.url" value="http://java.oracle.com/"/>
    <property name="user.timezone" value=""/>
    <property name="java.vm.specification.version" value="1.8"/>
    <property name="os.name" value="Windows 10"/>
    <property name="user.country" value="CN"/>
    <property name="sun.java.launcher" value="SUN_STANDARD"/>
    <property name="sun.boot.library.path" value="E:\Software\Java\jdk1.8.0_162\jre\bin"/>
    <property name="sun.java.command" value="C:\Users\ztx\AppData\Local\Temp\surefire111387141735711813\surefirebooter3594226678942753731.jar C:\Users\ztx\AppData\Local\Temp\surefire111387141735711813 2018-07-08T10-48-12_640-jvmRun1 surefire3277779285768452878tmp surefire_04849568543975787871tmp"/>
    <property name="surefire.test.class.path" value="E:\Projects\IdeaProjects\leno\target\test-classes;E:\Projects\IdeaProjects\leno\target\classes;E:\Projects\Java\Repository\org\jetbrains\kotlin\kotlin-stdlib-jdk8\1.2.51\kotlin-stdlib-jdk8-1.2.51.jar;E:\Projects\Java\Repository\org\jetbrains\kotlin\kotlin-stdlib\1.2.51\kotlin-stdlib-1.2.51.jar;E:\Projects\Java\Repository\org\jetbrains\kotlin\kotlin-stdlib-common\1.2.51\kotlin-stdlib-common-1.2.51.jar;E:\Projects\Java\Repository\org\jetbrains\annotations\13.0\annotations-13.0.jar;E:\Projects\Java\Repository\org\jetbrains\kotlin\kotlin-stdlib-jdk7\1.2.51\kotlin-stdlib-jdk7-1.2.51.jar;E:\Projects\Java\Repository\org\jetbrains\kotlin\kotlin-test-testng\1.2.51\kotlin-test-testng-1.2.51.jar;E:\Projects\Java\Repository\org\jetbrains\kotlin\kotlin-test-annotations-common\1.2.51\kotlin-test-annotations-common-1.2.51.jar;E:\Projects\Java\Repository\org\jetbrains\kotlin\kotlin-test\1.2.51\kotlin-test-1.2.51.jar;E:\Projects\Java\Repository\org\jetbrains\kotlin\kotlin-test-common\1.2.51\kotlin-test-common-1.2.51.jar;E:\Projects\Java\Repository\org\testng\testng\6.13.1\testng-6.13.1.jar;E:\Projects\Java\Repository\org\jetbrains\kotlin\kotlin-reflect\1.2.51\kotlin-reflect-1.2.51.jar;E:\Projects\Java\Repository\org\seleniumhq\selenium\selenium-java\3.10.0\selenium-java-3.10.0.jar;E:\Projects\Java\Repository\org\seleniumhq\selenium\selenium-api\3.10.0\selenium-api-3.10.0.jar;E:\Projects\Java\Repository\org\seleniumhq\selenium\selenium-chrome-driver\3.10.0\selenium-chrome-driver-3.10.0.jar;E:\Projects\Java\Repository\org\seleniumhq\selenium\selenium-edge-driver\3.10.0\selenium-edge-driver-3.10.0.jar;E:\Projects\Java\Repository\org\seleniumhq\selenium\selenium-firefox-driver\3.10.0\selenium-firefox-driver-3.10.0.jar;E:\Projects\Java\Repository\org\seleniumhq\selenium\selenium-ie-driver\3.10.0\selenium-ie-driver-3.10.0.jar;E:\Projects\Java\Repository\org\seleniumhq\selenium\selenium-opera-driver\3.10.0\selenium-opera-driver-3.10.0.jar;E:\Projects\Java\Repository\org\seleniumhq\selenium\selenium-remote-driver\3.10.0\selenium-remote-driver-3.10.0.jar;E:\Projects\Java\Repository\org\seleniumhq\selenium\selenium-safari-driver\3.10.0\selenium-safari-driver-3.10.0.jar;E:\Projects\Java\Repository\org\seleniumhq\selenium\selenium-support\3.10.0\selenium-support-3.10.0.jar;E:\Projects\Java\Repository\net\bytebuddy\byte-buddy\1.7.9\byte-buddy-1.7.9.jar;E:\Projects\Java\Repository\org\apache\commons\commons-exec\1.3\commons-exec-1.3.jar;E:\Projects\Java\Repository\commons-codec\commons-codec\1.10\commons-codec-1.10.jar;E:\Projects\Java\Repository\commons-logging\commons-logging\1.2\commons-logging-1.2.jar;E:\Projects\Java\Repository\com\google\code\gson\gson\2.8.2\gson-2.8.2.jar;E:\Projects\Java\Repository\org\apache\httpcomponents\httpclient\4.5.3\httpclient-4.5.3.jar;E:\Projects\Java\Repository\org\apache\httpcomponents\httpcore\4.4.6\httpcore-4.4.6.jar;E:\Projects\Java\Repository\com\squareup\okhttp3\okhttp\3.9.1\okhttp-3.9.1.jar;E:\Projects\Java\Repository\com\squareup\okio\okio\1.13.0\okio-1.13.0.jar;E:\Projects\Java\Repository\org\seleniumhq\selenium\selenium-server\3.11.0\selenium-server-3.11.0.jar;E:\Projects\Java\Repository\com\beust\jcommander\1.72\jcommander-1.72.jar;E:\Projects\Java\Repository\org\apache\commons\commons-lang3\3.7\commons-lang3-3.7.jar;E:\Projects\Java\Repository\org\apache\commons\commons-text\1.1\commons-text-1.1.jar;E:\Projects\Java\Repository\commons-io\commons-io\2.6\commons-io-2.6.jar;E:\Projects\Java\Repository\commons-net\commons-net\3.6\commons-net-3.6.jar;E:\Projects\Java\Repository\org\w3c\css\sac\1.3\sac-1.3.jar;E:\Projects\Java\Repository\net\sourceforge\cssparser\cssparser\0.9.24\cssparser-0.9.24.jar;E:\Projects\Java\Repository\net\sourceforge\htmlunit\htmlunit\2.29\htmlunit-2.29.jar;E:\Projects\Java\Repository\net\sourceforge\htmlunit\htmlunit-core-js\2.28\htmlunit-core-js-2.28.jar;E:\Projects\Java\Repository\net\sourceforge\htmlunit\neko-htmlunit\2.28\neko-htmlunit-2.28.jar;E:\Projects\Java\Repository\org\apache\httpcomponents\httpmime\4.5.3\httpmime-4.5.3.jar;E:\Projects\Java\Repository\net\jcip\jcip-annotations\1.0\jcip-annotations-1.0.jar;E:\Projects\Java\Repository\org\seleniumhq\selenium\jetty-repacked\9.4.7.v20171121\jetty-repacked-9.4.7.v20171121.jar;E:\Projects\Java\Repository\org\eclipse\jetty\jetty-client\9.4.7.v20170914\jetty-client-9.4.7.v20170914.jar;E:\Projects\Java\Repository\org\eclipse\jetty\jetty-http\9.4.8.v20171121\jetty-http-9.4.8.v20171121.jar;E:\Projects\Java\Repository\org\eclipse\jetty\jetty-io\9.4.8.v20171121\jetty-io-9.4.8.v20171121.jar;E:\Projects\Java\Repository\org\eclipse\jetty\jetty-util\9.4.8.v20171121\jetty-util-9.4.8.v20171121.jar;E:\Projects\Java\Repository\org\eclipse\jetty\jetty-xml\9.4.7.v20170914\jetty-xml-9.4.7.v20170914.jar;E:\Projects\Java\Repository\org\seleniumhq\selenium\htmlunit-driver\2.29.0\htmlunit-driver-2.29.0.jar;E:\Projects\Java\Repository\javax\servlet\javax.servlet-api\3.1.0\javax.servlet-api-3.1.0.jar;E:\Projects\Java\Repository\org\eclipse\jetty\websocket\websocket-api\9.4.7.v20170914\websocket-api-9.4.7.v20170914.jar;E:\Projects\Java\Repository\org\eclipse\jetty\websocket\websocket-client\9.4.7.v20170914\websocket-client-9.4.7.v20170914.jar;E:\Projects\Java\Repository\org\eclipse\jetty\websocket\websocket-common\9.4.7.v20170914\websocket-common-9.4.7.v20170914.jar;E:\Projects\Java\Repository\xalan\serializer\2.7.2\serializer-2.7.2.jar;E:\Projects\Java\Repository\xalan\xalan\2.7.2\xalan-2.7.2.jar;E:\Projects\Java\Repository\xerces\xercesImpl\2.11.0\xercesImpl-2.11.0.jar;E:\Projects\Java\Repository\xml-apis\xml-apis\1.4.01\xml-apis-1.4.01.jar;E:\Projects\Java\Repository\org\yaml\snakeyaml\1.19\snakeyaml-1.19.jar;E:\Projects\Java\Repository\io\rest-assured\rest-assured\3.1.0\rest-assured-3.1.0.jar;E:\Projects\Java\Repository\org\codehaus\groovy\groovy\2.4.12\groovy-2.4.12.jar;E:\Projects\Java\Repository\org\codehaus\groovy\groovy-xml\2.4.12\groovy-xml-2.4.12.jar;E:\Projects\Java\Repository\org\hamcrest\hamcrest-core\1.3\hamcrest-core-1.3.jar;E:\Projects\Java\Repository\org\hamcrest\hamcrest-library\1.3\hamcrest-library-1.3.jar;E:\Projects\Java\Repository\org\ccil\cowan\tagsoup\tagsoup\1.2.1\tagsoup-1.2.1.jar;E:\Projects\Java\Repository\io\rest-assured\json-path\3.1.0\json-path-3.1.0.jar;E:\Projects\Java\Repository\org\codehaus\groovy\groovy-json\2.4.12\groovy-json-2.4.12.jar;E:\Projects\Java\Repository\io\rest-assured\rest-assured-common\3.1.0\rest-assured-common-3.1.0.jar;E:\Projects\Java\Repository\io\rest-assured\xml-path\3.1.0\xml-path-3.1.0.jar;E:\Projects\Java\Repository\javax\xml\bind\jaxb-api\2.2.12\jaxb-api-2.2.12.jar;E:\Projects\Java\Repository\io\appium\java-client\5.0.4\java-client-5.0.4.jar;E:\Projects\Java\Repository\cglib\cglib\3.2.5\cglib-3.2.5.jar;E:\Projects\Java\Repository\org\ow2\asm\asm\5.2\asm-5.2.jar;E:\Projects\Java\Repository\org\apache\ant\ant\1.9.6\ant-1.9.6.jar;E:\Projects\Java\Repository\org\apache\ant\ant-launcher\1.9.6\ant-launcher-1.9.6.jar;E:\Projects\Java\Repository\commons-validator\commons-validator\1.6\commons-validator-1.6.jar;E:\Projects\Java\Repository\commons-beanutils\commons-beanutils\1.9.2\commons-beanutils-1.9.2.jar;E:\Projects\Java\Repository\commons-digester\commons-digester\1.8.1\commons-digester-1.8.1.jar;E:\Projects\Java\Repository\commons-collections\commons-collections\3.2.2\commons-collections-3.2.2.jar;E:\Projects\Java\Repository\org\aspectj\aspectjweaver\1.8.11\aspectjweaver-1.8.11.jar;E:\Projects\Java\Repository\org\openpnp\opencv\3.2.0-1\opencv-3.2.0-1.jar;E:\Projects\Java\Repository\io\cucumber\cucumber-java8\3.0.2\cucumber-java8-3.0.2.jar;E:\Projects\Java\Repository\io\cucumber\cucumber-java\3.0.2\cucumber-java-3.0.2.jar;E:\Projects\Java\Repository\net\jodah\typetools\0.5.0\typetools-0.5.0.jar;E:\Projects\Java\Repository\io\cucumber\cucumber-testng\3.0.2\cucumber-testng-3.0.2.jar;E:\Projects\Java\Repository\io\cucumber\cucumber-core\3.0.2\cucumber-core-3.0.2.jar;E:\Projects\Java\Repository\io\cucumber\cucumber-html\0.2.7\cucumber-html-0.2.7.jar;E:\Projects\Java\Repository\io\cucumber\gherkin\5.0.0\gherkin-5.0.0.jar;E:\Projects\Java\Repository\io\cucumber\tag-expressions\1.1.1\tag-expressions-1.1.1.jar;E:\Projects\Java\Repository\io\cucumber\cucumber-expressions\5.0.19\cucumber-expressions-5.0.19.jar;E:\Projects\Java\Repository\io\cucumber\datatable\1.0.3\datatable-1.0.3.jar;E:\Projects\Java\Repository\io\cucumber\datatable-dependencies\1.0.3\datatable-dependencies-1.0.3.jar;E:\Projects\Java\Repository\org\springframework\spring-core\5.0.7.RELEASE\spring-core-5.0.7.RELEASE.jar;E:\Projects\Java\Repository\org\springframework\spring-jcl\5.0.7.RELEASE\spring-jcl-5.0.7.RELEASE.jar;E:\Projects\Java\Repository\org\springframework\spring-beans\5.0.7.RELEASE\spring-beans-5.0.7.RELEASE.jar;E:\Projects\Java\Repository\org\springframework\spring-context\5.0.7.RELEASE\spring-context-5.0.7.RELEASE.jar;E:\Projects\Java\Repository\org\springframework\spring-aop\5.0.7.RELEASE\spring-aop-5.0.7.RELEASE.jar;E:\Projects\Java\Repository\org\springframework\spring-expression\5.0.7.RELEASE\spring-expression-5.0.7.RELEASE.jar;E:\Projects\Java\Repository\com\google\guava\guava\24.0-jre\guava-24.0-jre.jar;E:\Projects\Java\Repository\com\google\code\findbugs\jsr305\1.3.9\jsr305-1.3.9.jar;E:\Projects\Java\Repository\org\checkerframework\checker-compat-qual\2.0.0\checker-compat-qual-2.0.0.jar;E:\Projects\Java\Repository\com\google\errorprone\error_prone_annotations\2.1.3\error_prone_annotations-2.1.3.jar;E:\Projects\Java\Repository\com\google\j2objc\j2objc-annotations\1.1\j2objc-annotations-1.1.jar;E:\Projects\Java\Repository\org\codehaus\mojo\animal-sniffer-annotations\1.14\animal-sniffer-annotations-1.14.jar;E:\Projects\Java\Repository\org\apache\logging\log4j\log4j-api\2.10.0\log4j-api-2.10.0.jar;E:\Projects\Java\Repository\org\apache\logging\log4j\log4j-core\2.10.0\log4j-core-2.10.0.jar;E:\Projects\Java\Repository\com\fasterxml\jackson\core\jackson-databind\2.9.4\jackson-databind-2.9.4.jar;E:\Projects\Java\Repository\com\fasterxml\jackson\core\jackson-annotations\2.9.4\jackson-annotations-2.9.4.jar;E:\Projects\Java\Repository\com\fasterxml\jackson\core\jackson-core\2.9.4\jackson-core-2.9.4.jar;E:\Projects\Java\Repository\com\jayway\jsonpath\json-path\2.4.0\json-path-2.4.0.jar;E:\Projects\Java\Repository\net\minidev\json-smart\2.3\json-smart-2.3.jar;E:\Projects\Java\Repository\net\minidev\accessors-smart\1.2\accessors-smart-1.2.jar;E:\Projects\Java\Repository\org\slf4j\slf4j-api\1.7.25\slf4j-api-1.7.25.jar;E:\Projects\Java\Repository\org\apache\poi\poi\3.17\poi-3.17.jar;E:\Projects\Java\Repository\org\apache\commons\commons-collections4\4.1\commons-collections4-4.1.jar;E:\Projects\Java\Repository\dom4j\dom4j\1.6.1\dom4j-1.6.1.jar;E:\Projects\Java\Repository\org\mongodb\mongo-java-driver\3.7.1\mongo-java-driver-3.7.1.jar;E:\Projects\Java\Repository\org\apache\maven\surefire\surefire-testng-utils\2.21.0\surefire-testng-utils-2.21.0.jar;E:\Projects\Java\Repository\org\apache\maven\surefire\surefire-grouper\2.21.0\surefire-grouper-2.21.0.jar;"/>
    <property name="sun.cpu.endian" value="little"/>
    <property name="user.home" value="C:\Users\ztx"/>
    <property name="user.language" value="zh"/>
    <property name="java.specification.vendor" value="Oracle Corporation"/>
    <property name="java.home" value="E:\Software\Java\jdk1.8.0_162\jre"/>
    <property name="basedir" value="E:\Projects\IdeaProjects\leno"/>
    <property name="file.separator" value="\"/>
    <property name="line.separator" value="&#10;"/>
    <property name="java.vm.specification.vendor" value="Oracle Corporation"/>
    <property name="java.specification.name" value="Java Platform API Specification"/>
    <property name="java.awt.graphicsenv" value="sun.awt.Win32GraphicsEnvironment"/>
    <property name="surefire.real.class.path" value="C:\Users\ztx\AppData\Local\Temp\surefire111387141735711813\surefirebooter3594226678942753731.jar"/>
    <property name="sun.boot.class.path" value="E:\Software\Java\jdk1.8.0_162\jre\lib\resources.jar;E:\Software\Java\jdk1.8.0_162\jre\lib\rt.jar;E:\Software\Java\jdk1.8.0_162\jre\lib\sunrsasign.jar;E:\Software\Java\jdk1.8.0_162\jre\lib\jsse.jar;E:\Software\Java\jdk1.8.0_162\jre\lib\jce.jar;E:\Software\Java\jdk1.8.0_162\jre\lib\charsets.jar;E:\Software\Java\jdk1.8.0_162\jre\lib\jfr.jar;E:\Software\Java\jdk1.8.0_162\jre\classes"/>
    <property name="user.script" value=""/>
    <property name="sun.management.compiler" value="HotSpot 64-Bit Tiered Compilers"/>
    <property name="java.runtime.version" value="1.8.0_162-b12"/>
    <property name="user.name" value="ztx"/>
    <property name="path.separator" value=";"/>
    <property name="os.version" value="10.0"/>
    <property name="java.endorsed.dirs" value="E:\Software\Java\jdk1.8.0_162\jre\lib\endorsed"/>
    <property name="java.runtime.name" value="Java(TM) SE Runtime Environment"/>
    <property name="file.encoding" value="GBK"/>
    <property name="java.vm.name" value="Java HotSpot(TM) 64-Bit Server VM"/>
    <property name="localRepository" value="E:\Projects\Java\Repository"/>
    <property name="java.vendor.url.bug" value="http://bugreport.sun.com/bugreport/"/>
    <property name="java.io.tmpdir" value="C:\Users\ztx\AppData\Local\Temp\"/>
    <property name="java.version" value="1.8.0_162"/>
    <property name="user.dir" value="E:\Projects\IdeaProjects\leno"/>
    <property name="os.arch" value="amd64"/>
    <property name="java.vm.specification.name" value="Java Virtual Machine Specification"/>
    <property name="java.awt.printerjob" value="sun.awt.windows.WPrinterJob"/>
    <property name="sun.os.patch.level" value=""/>
    <property name="java.library.path" value="E:\Software\Java\jdk1.8.0_162\jre\bin;C:\WINDOWS\Sun\Java\bin;C:\WINDOWS\system32;C:\WINDOWS;C:\ProgramData\Oracle\Java\javapath;C:\WINDOWS\system32;C:\WINDOWS;C:\WINDOWS\System32\Wbem;C:\WINDOWS\System32\WindowsPowerShell\v1.0\;D:\Software\Python27;D:\Software\Python27\Scripts;D:\Software\Python34;D:\Software\Python34\Scripts;C:\Program Files\Microsoft SQL Server\130\Tools\Binn\;D:\Software\TortoiseSVN\bin;D:\Software\VisualSVN\bin;C:\Program Files\MySQL\MySQL Utilities 1.6\;D:\Software\Git\cmd;E:\Software\Java\jdk1.8.0_162\bin;E:\Software\Java\jdk1.8.0_162\jre\bin;E:\Software\Node8.9.4\;E:\Software\apache-maven-3.5.2\bin;E:\Software\apache-tomcat-9.0.6\bin;E:\Software\gradle-4.7\bin;C:\WINDOWS\System32\OpenSSH\;C:\Users\ztx\AppData\Local\Microsoft\WindowsApps;D:\Software\Microsoft VS Code\bin;C:\Users\ztx\AppData\Roaming\npm;;."/>
    <property name="java.vm.info" value="mixed mode"/>
    <property name="java.vendor" value="Oracle Corporation"/>
    <property name="java.vm.version" value="25.162-b12"/>
    <property name="java.ext.dirs" value="E:\Software\Java\jdk1.8.0_162\jre\lib\ext;C:\WINDOWS\Sun\Java\lib\ext"/>
    <property name="sun.io.unicode.encoding" value="UnicodeLittle"/>
    <property name="java.class.version" value="52.0"/>
  </properties>
</testsuite>